#! /usr/bin/vvp
:ivl_version "11.0 (stable)";
:ivl_delay_selection "TYPICAL";
:vpi_time_precision - 12;
:vpi_module "/usr/lib/x86_64-linux-gnu/ivl/system.vpi";
:vpi_module "/usr/lib/x86_64-linux-gnu/ivl/vhdl_sys.vpi";
:vpi_module "/usr/lib/x86_64-linux-gnu/ivl/vhdl_textio.vpi";
:vpi_module "/usr/lib/x86_64-linux-gnu/ivl/v2005_math.vpi";
:vpi_module "/usr/lib/x86_64-linux-gnu/ivl/va_math.vpi";
S_0x7fffe8837bd0 .scope module, "PE_Winograd_tb" "PE_Winograd_tb" 2 3;
 .timescale -9 -12;
P_0x7fffe8837d60 .param/l "CHANNELS" 0 2 10, +C4<00000000000000000000000000000011>;
P_0x7fffe8837da0 .param/l "INPUT_DATA_WIDTH" 0 2 8, +C4<00000000000000000000000000001000>;
P_0x7fffe8837de0 .param/l "INPUT_TILE_SIZE" 0 2 7, +C4<00000000000000000000000000000100>;
P_0x7fffe8837e20 .param/l "KERNEL_DATA_WIDTH" 0 2 9, +C4<00000000000000000000000000001000>;
P_0x7fffe8837e60 .param/l "KERNEL_SIZE" 0 2 6, +C4<00000000000000000000000000000011>;
v0x7fffe8873f00_0 .var "Kernel", 215 0;
v0x7fffe8873fe0_0 .var "clk", 0 0;
v0x7fffe88740b0_0 .var "inpData", 383 0;
v0x7fffe88741b0_0 .net "outData", 23 0, v0x7fffe8873a80_0;  1 drivers
v0x7fffe8874280_0 .var "reset", 0 0;
S_0x7fffe87d0cf0 .scope module, "uut" "PE" 2 28, 3 3 0, S_0x7fffe8837bd0;
 .timescale -9 -12;
    .port_info 0 /INPUT 1 "clk";
    .port_info 1 /INPUT 1 "reset";
    .port_info 2 /INPUT 216 "Kernel";
    .port_info 3 /INPUT 384 "inpData";
    .port_info 4 /OUTPUT 24 "outData";
P_0x7fffe87d0e80 .param/l "CHANNELS" 0 3 8, +C4<00000000000000000000000000000011>;
P_0x7fffe87d0ec0 .param/l "INPUT_DATA_WIDTH" 0 3 6, +C4<00000000000000000000000000001000>;
P_0x7fffe87d0f00 .param/l "INPUT_TILE_SIZE" 0 3 5, +C4<00000000000000000000000000000100>;
P_0x7fffe87d0f40 .param/l "KERNEL_DATA_WIDTH" 0 3 7, +C4<00000000000000000000000000001000>;
P_0x7fffe87d0f80 .param/l "KERNEL_SIZE" 0 3 4, +C4<00000000000000000000000000000011>;
v0x7fffe88022c0_0 .net "Kernel", 215 0, v0x7fffe8873f00_0;  1 drivers
v0x7fffe8806a60_0 .net "clk", 0 0, v0x7fffe8873fe0_0;  1 drivers
v0x7fffe88402c0 .array "ewmm_reg", 47 0, 18 0;
v0x7fffe8844e60_0 .var/i "i", 31 0;
v0x7fffe8847320_0 .net "inpData", 383 0, v0x7fffe88740b0_0;  1 drivers
v0x7fffe884a890 .array "input_reg", 47 0, 7 0;
v0x7fffe884ddc0 .array "input_temp_reg", 47 0, 8 0;
v0x7fffe88735c0 .array "input_transformed_reg", 47 0, 9 0;
v0x7fffe8873680_0 .var/i "j", 31 0;
v0x7fffe8873760_0 .var/i "k", 31 0;
v0x7fffe8873840 .array "kernel_reg", 26 0, 7 0;
v0x7fffe8873900 .array "kernel_temp_reg", 35 0, 8 0;
v0x7fffe88739c0 .array "kernel_transformed_reg", 47 0, 9 0;
v0x7fffe8873a80_0 .var "outData", 23 0;
v0x7fffe8873b60 .array "output_final_reg", 3 0, 24 0;
v0x7fffe8873c20 .array "output_reg1", 23 0, 20 0;
v0x7fffe8873ce0 .array "output_reg2", 11 0, 22 0;
v0x7fffe8873da0_0 .net "reset", 0 0, v0x7fffe8874280_0;  1 drivers
E_0x7fffe8851e20 .event posedge, v0x7fffe8806a60_0;
    .scope S_0x7fffe87d0cf0;
T_0 ;
    %wait E_0x7fffe8851e20;
    %pushi/vec4 2, 0, 32;
    %store/vec4 v0x7fffe8844e60_0, 0, 32;
T_0.0 ;
    %load/vec4 v0x7fffe8844e60_0;
    %cmpi/s 0, 0, 32;
    %flag_inv 5; GE is !LT
    %jmp/0xz T_0.1, 5;
    %pushi/vec4 2, 0, 32;
    %store/vec4 v0x7fffe8873680_0, 0, 32;
T_0.2 ;
    %load/vec4 v0x7fffe8873680_0;
    %cmpi/s 0, 0, 32;
    %flag_inv 5; GE is !LT
    %jmp/0xz T_0.3, 5;
    %pushi/vec4 2, 0, 32;
    %store/vec4 v0x7fffe8873760_0, 0, 32;
T_0.4 ;
    %load/vec4 v0x7fffe8873760_0;
    %cmpi/s 0, 0, 32;
    %flag_inv 5; GE is !LT
    %jmp/0xz T_0.5, 5;
    %load/vec4 v0x7fffe88022c0_0;
    %load/vec4 v0x7fffe8844e60_0;
    %muli 3, 0, 32;
    %load/vec4 v0x7fffe8873680_0;
    %add;
    %pushi/vec4 9, 0, 32;
    %load/vec4 v0x7fffe8873760_0;
    %mul;
    %add;
    %muli 8, 0, 32;
    %part/s 8;
    %load/vec4 v0x7fffe8844e60_0;
    %pad/s 36;
    %pad/s 40;
    %muli 9, 0, 40;
    %pad/s 41;
    %load/vec4 v0x7fffe8873680_0;
    %pad/s 34;
    %pad/s 36;
    %muli 3, 0, 36;
    %pad/s 41;
    %add;
    %pad/s 42;
    %load/vec4 v0x7fffe8873760_0;
    %pad/s 42;
    %add;
    %ix/vec4/s 3;
    %ix/load 4, 0, 0; Constant delay
    %assign/vec4/a/d v0x7fffe8873840, 0, 4;
    %load/vec4 v0x7fffe8873760_0;
    %subi 1, 0, 32;
    %store/vec4 v0x7fffe8873760_0, 0, 32;
    %jmp T_0.4;
T_0.5 ;
    %load/vec4 v0x7fffe8873680_0;
    %subi 1, 0, 32;
    %store/vec4 v0x7fffe8873680_0, 0, 32;
    %jmp T_0.2;
T_0.3 ;
    %load/vec4 v0x7fffe8844e60_0;
    %subi 1, 0, 32;
    %store/vec4 v0x7fffe8844e60_0, 0, 32;
    %jmp T_0.0;
T_0.1 ;
    %jmp T_0;
    .thread T_0;
    .scope S_0x7fffe87d0cf0;
T_1 ;
    %wait E_0x7fffe8851e20;
    %pushi/vec4 3, 0, 32;
    %store/vec4 v0x7fffe8844e60_0, 0, 32;
T_1.0 ;
    %load/vec4 v0x7fffe8844e60_0;
    %cmpi/s 0, 0, 32;
    %flag_inv 5; GE is !LT
    %jmp/0xz T_1.1, 5;
    %pushi/vec4 3, 0, 32;
    %store/vec4 v0x7fffe8873680_0, 0, 32;
T_1.2 ;
    %load/vec4 v0x7fffe8873680_0;
    %cmpi/s 0, 0, 32;
    %flag_inv 5; GE is !LT
    %jmp/0xz T_1.3, 5;
    %pushi/vec4 2, 0, 32;
    %store/vec4 v0x7fffe8873760_0, 0, 32;
T_1.4 ;
    %load/vec4 v0x7fffe8873760_0;
    %cmpi/s 0, 0, 32;
    %flag_inv 5; GE is !LT
    %jmp/0xz T_1.5, 5;
    %load/vec4 v0x7fffe8847320_0;
    %load/vec4 v0x7fffe8844e60_0;
    %muli 4, 0, 32;
    %load/vec4 v0x7fffe8873680_0;
    %add;
    %pushi/vec4 16, 0, 32;
    %load/vec4 v0x7fffe8873760_0;
    %mul;
    %add;
    %muli 8, 0, 32;
    %part/s 8;
    %load/vec4 v0x7fffe8844e60_0;
    %pad/s 36;
    %pad/s 40;
    %muli 12, 0, 40;
    %pad/s 41;
    %load/vec4 v0x7fffe8873680_0;
    %pad/s 34;
    %pad/s 36;
    %muli 3, 0, 36;
    %pad/s 41;
    %add;
    %pad/s 42;
    %load/vec4 v0x7fffe8873760_0;
    %pad/s 42;
    %add;
    %ix/vec4/s 3;
    %ix/load 4, 0, 0; Constant delay
    %assign/vec4/a/d v0x7fffe884a890, 0, 4;
    %load/vec4 v0x7fffe8873760_0;
    %subi 1, 0, 32;
    %store/vec4 v0x7fffe8873760_0, 0, 32;
    %jmp T_1.4;
T_1.5 ;
    %load/vec4 v0x7fffe8873680_0;
    %subi 1, 0, 32;
    %store/vec4 v0x7fffe8873680_0, 0, 32;
    %jmp T_1.2;
T_1.3 ;
    %load/vec4 v0x7fffe8844e60_0;
    %subi 1, 0, 32;
    %store/vec4 v0x7fffe8844e60_0, 0, 32;
    %jmp T_1.0;
T_1.1 ;
    %jmp T_1;
    .thread T_1;
    .scope S_0x7fffe87d0cf0;
T_2 ;
    %wait E_0x7fffe8851e20;
    %pushi/vec4 2, 0, 32;
    %store/vec4 v0x7fffe8873760_0, 0, 32;
T_2.0 ;
    %load/vec4 v0x7fffe8873760_0;
    %cmpi/s 0, 0, 32;
    %flag_inv 5; GE is !LT
    %jmp/0xz T_2.1, 5;
    %pushi/vec4 3, 0, 32;
    %store/vec4 v0x7fffe8873680_0, 0, 32;
T_2.2 ;
    %load/vec4 v0x7fffe8873680_0;
    %cmpi/s 0, 0, 32;
    %flag_inv 5; GE is !LT
    %jmp/0xz T_2.3, 5;
    %pushi/vec4 36, 0, 7;
    %pad/s 8;
    %load/vec4 v0x7fffe8873680_0;
    %pad/s 34;
    %pad/s 36;
    %muli 3, 0, 36;
    %pad/s 8;
    %add;
    %pad/s 9;
    %load/vec4 v0x7fffe8873760_0;
    %pad/s 9;
    %add;
    %ix/vec4/s 4;
    %load/vec4a v0x7fffe884a890, 4;
    %pad/u 9;
    %pushi/vec4 12, 0, 5;
    %pad/s 6;
    %load/vec4 v0x7fffe8873680_0;
    %pad/s 34;
    %pad/s 36;
    %muli 3, 0, 36;
    %pad/s 6;
    %add;
    %pad/s 7;
    %load/vec4 v0x7fffe8873760_0;
    %pad/s 7;
    %add;
    %ix/vec4/s 4;
    %load/vec4a v0x7fffe884a890, 4;
    %pad/u 9;
    %sub;
    %pushi/vec4 36, 0, 7;
    %pad/s 8;
    %load/vec4 v0x7fffe8873680_0;
    %pad/s 34;
    %pad/s 36;
    %muli 3, 0, 36;
    %pad/s 8;
    %add;
    %pad/s 9;
    %load/vec4 v0x7fffe8873760_0;
    %pad/s 9;
    %add;
    %ix/vec4/s 3;
    %ix/load 4, 0, 0; Constant delay
    %assign/vec4/a/d v0x7fffe884ddc0, 0, 4;
    %pushi/vec4 24, 0, 6;
    %pad/s 7;
    %load/vec4 v0x7fffe8873680_0;
    %pad/s 34;
    %pad/s 36;
    %muli 3, 0, 36;
    %pad/s 7;
    %add;
    %pad/s 8;
    %load/vec4 v0x7fffe8873760_0;
    %pad/s 8;
    %add;
    %ix/vec4/s 4;
    %load/vec4a v0x7fffe884a890, 4;
    %pad/u 9;
    %pushi/vec4 12, 0, 5;
    %pad/s 6;
    %load/vec4 v0x7fffe8873680_0;
    %pad/s 34;
    %pad/s 36;
    %muli 3, 0, 36;
    %pad/s 6;
    %add;
    %pad/s 7;
    %load/vec4 v0x7fffe8873760_0;
    %pad/s 7;
    %add;
    %ix/vec4/s 4;
    %load/vec4a v0x7fffe884a890, 4;
    %pad/u 9;
    %add;
    %pushi/vec4 24, 0, 6;
    %pad/s 7;
    %load/vec4 v0x7fffe8873680_0;
    %pad/s 34;
    %pad/s 36;
    %muli 3, 0, 36;
    %pad/s 7;
    %add;
    %pad/s 8;
    %load/vec4 v0x7fffe8873760_0;
    %pad/s 8;
    %add;
    %ix/vec4/s 3;
    %ix/load 4, 0, 0; Constant delay
    %assign/vec4/a/d v0x7fffe884ddc0, 0, 4;
    %pushi/vec4 24, 0, 6;
    %pad/s 7;
    %load/vec4 v0x7fffe8873680_0;
    %pad/s 34;
    %pad/s 36;
    %muli 3, 0, 36;
    %pad/s 7;
    %add;
    %pad/s 8;
    %load/vec4 v0x7fffe8873760_0;
    %pad/s 8;
    %add;
    %ix/vec4/s 4;
    %load/vec4a v0x7fffe884a890, 4;
    %pad/u 9;
    %inv;
    %pushi/vec4 1, 0, 9;
    %add;
    %pushi/vec4 12, 0, 5;
    %pad/s 6;
    %load/vec4 v0x7fffe8873680_0;
    %pad/s 34;
    %pad/s 36;
    %muli 3, 0, 36;
    %pad/s 6;
    %add;
    %pad/s 7;
    %load/vec4 v0x7fffe8873760_0;
    %pad/s 7;
    %add;
    %ix/vec4/s 4;
    %load/vec4a v0x7fffe884a890, 4;
    %pad/u 9;
    %add;
    %pushi/vec4 12, 0, 5;
    %pad/s 6;
    %load/vec4 v0x7fffe8873680_0;
    %pad/s 34;
    %pad/s 36;
    %muli 3, 0, 36;
    %pad/s 6;
    %add;
    %pad/s 7;
    %load/vec4 v0x7fffe8873760_0;
    %pad/s 7;
    %add;
    %ix/vec4/s 3;
    %ix/load 4, 0, 0; Constant delay
    %assign/vec4/a/d v0x7fffe884ddc0, 0, 4;
    %pushi/vec4 24, 0, 6;
    %pad/s 7;
    %load/vec4 v0x7fffe8873680_0;
    %pad/s 34;
    %pad/s 36;
    %muli 3, 0, 36;
    %pad/s 7;
    %add;
    %pad/s 8;
    %load/vec4 v0x7fffe8873760_0;
    %pad/s 8;
    %add;
    %ix/vec4/s 4;
    %load/vec4a v0x7fffe884a890, 4;
    %pad/u 9;
    %load/vec4 v0x7fffe8873680_0;
    %pad/s 34;
    %pad/s 36;
    %muli 3, 0, 36;
    %pad/s 37;
    %load/vec4 v0x7fffe8873760_0;
    %pad/s 37;
    %add;
    %ix/vec4/s 4;
    %load/vec4a v0x7fffe884a890, 4;
    %pad/u 9;
    %sub;
    %load/vec4 v0x7fffe8873680_0;
    %pad/s 34;
    %pad/s 36;
    %muli 3, 0, 36;
    %pad/s 37;
    %load/vec4 v0x7fffe8873760_0;
    %pad/s 37;
    %add;
    %ix/vec4/s 3;
    %ix/load 4, 0, 0; Constant delay
    %assign/vec4/a/d v0x7fffe884ddc0, 0, 4;
    %load/vec4 v0x7fffe8873680_0;
    %subi 1, 0, 32;
    %store/vec4 v0x7fffe8873680_0, 0, 32;
    %jmp T_2.2;
T_2.3 ;
    %load/vec4 v0x7fffe8873760_0;
    %subi 1, 0, 32;
    %store/vec4 v0x7fffe8873760_0, 0, 32;
    %jmp T_2.0;
T_2.1 ;
    %jmp T_2;
    .thread T_2;
    .scope S_0x7fffe87d0cf0;
T_3 ;
    %wait E_0x7fffe8851e20;
    %pushi/vec4 2, 0, 32;
    %store/vec4 v0x7fffe8873760_0, 0, 32;
T_3.0 ;
    %load/vec4 v0x7fffe8873760_0;
    %cmpi/s 0, 0, 32;
    %flag_inv 5; GE is !LT
    %jmp/0xz T_3.1, 5;
    %pushi/vec4 3, 0, 32;
    %store/vec4 v0x7fffe8873680_0, 0, 32;
T_3.2 ;
    %load/vec4 v0x7fffe8873680_0;
    %cmpi/s 0, 0, 32;
    %flag_inv 5; GE is !LT
    %jmp/0xz T_3.3, 5;
    %load/vec4 v0x7fffe8873680_0;
    %pad/s 36;
    %pad/s 40;
    %muli 12, 0, 40;
    %pad/s 41;
    %pushi/vec4 9, 0, 5;
    %pad/s 41;
    %add;
    %pad/s 42;
    %load/vec4 v0x7fffe8873760_0;
    %pad/s 42;
    %add;
    %ix/vec4/s 4;
    %load/vec4a v0x7fffe884ddc0, 4;
    %pad/u 10;
    %load/vec4 v0x7fffe8873680_0;
    %pad/s 36;
    %pad/s 40;
    %muli 12, 0, 40;
    %pad/s 41;
    %pushi/vec4 3, 0, 3;
    %pad/s 41;
    %add;
    %pad/s 42;
    %load/vec4 v0x7fffe8873760_0;
    %pad/s 42;
    %add;
    %ix/vec4/s 4;
    %load/vec4a v0x7fffe884ddc0, 4;
    %pad/u 10;
    %sub;
    %load/vec4 v0x7fffe8873680_0;
    %pad/s 36;
    %pad/s 40;
    %muli 12, 0, 40;
    %pad/s 41;
    %pushi/vec4 9, 0, 5;
    %pad/s 41;
    %add;
    %pad/s 42;
    %load/vec4 v0x7fffe8873760_0;
    %pad/s 42;
    %add;
    %ix/vec4/s 3;
    %ix/load 4, 0, 0; Constant delay
    %assign/vec4/a/d v0x7fffe88735c0, 0, 4;
    %load/vec4 v0x7fffe8873680_0;
    %pad/s 36;
    %pad/s 40;
    %muli 12, 0, 40;
    %pad/s 41;
    %pushi/vec4 6, 0, 4;
    %pad/s 41;
    %add;
    %pad/s 42;
    %load/vec4 v0x7fffe8873760_0;
    %pad/s 42;
    %add;
    %ix/vec4/s 4;
    %load/vec4a v0x7fffe884ddc0, 4;
    %pad/u 10;
    %load/vec4 v0x7fffe8873680_0;
    %pad/s 36;
    %pad/s 40;
    %muli 12, 0, 40;
    %pad/s 41;
    %pushi/vec4 3, 0, 3;
    %pad/s 41;
    %add;
    %pad/s 42;
    %load/vec4 v0x7fffe8873760_0;
    %pad/s 42;
    %add;
    %ix/vec4/s 4;
    %load/vec4a v0x7fffe884ddc0, 4;
    %pad/u 10;
    %add;
    %load/vec4 v0x7fffe8873680_0;
    %pad/s 36;
    %pad/s 40;
    %muli 12, 0, 40;
    %pad/s 41;
    %pushi/vec4 6, 0, 4;
    %pad/s 41;
    %add;
    %pad/s 42;
    %load/vec4 v0x7fffe8873760_0;
    %pad/s 42;
    %add;
    %ix/vec4/s 3;
    %ix/load 4, 0, 0; Constant delay
    %assign/vec4/a/d v0x7fffe88735c0, 0, 4;
    %load/vec4 v0x7fffe8873680_0;
    %pad/s 36;
    %pad/s 40;
    %muli 12, 0, 40;
    %pad/s 41;
    %pushi/vec4 6, 0, 4;
    %pad/s 41;
    %add;
    %pad/s 42;
    %load/vec4 v0x7fffe8873760_0;
    %pad/s 42;
    %add;
    %ix/vec4/s 4;
    %load/vec4a v0x7fffe884ddc0, 4;
    %pad/u 10;
    %inv;
    %pushi/vec4 1, 0, 10;
    %add;
    %load/vec4 v0x7fffe8873680_0;
    %pad/s 36;
    %pad/s 40;
    %muli 12, 0, 40;
    %pad/s 41;
    %pushi/vec4 3, 0, 3;
    %pad/s 41;
    %add;
    %pad/s 42;
    %load/vec4 v0x7fffe8873760_0;
    %pad/s 42;
    %add;
    %ix/vec4/s 4;
    %load/vec4a v0x7fffe884ddc0, 4;
    %pad/u 10;
    %add;
    %load/vec4 v0x7fffe8873680_0;
    %pad/s 36;
    %pad/s 40;
    %muli 12, 0, 40;
    %pad/s 41;
    %pushi/vec4 3, 0, 3;
    %pad/s 41;
    %add;
    %pad/s 42;
    %load/vec4 v0x7fffe8873760_0;
    %pad/s 42;
    %add;
    %ix/vec4/s 3;
    %ix/load 4, 0, 0; Constant delay
    %assign/vec4/a/d v0x7fffe88735c0, 0, 4;
    %load/vec4 v0x7fffe8873680_0;
    %pad/s 36;
    %pad/s 40;
    %muli 12, 0, 40;
    %pad/s 41;
    %pushi/vec4 6, 0, 4;
    %pad/s 41;
    %add;
    %pad/s 42;
    %load/vec4 v0x7fffe8873760_0;
    %pad/s 42;
    %add;
    %ix/vec4/s 4;
    %load/vec4a v0x7fffe884ddc0, 4;
    %pad/u 10;
    %load/vec4 v0x7fffe8873680_0;
    %pad/s 36;
    %pad/s 40;
    %muli 12, 0, 40;
    %pad/s 41;
    %load/vec4 v0x7fffe8873760_0;
    %pad/s 41;
    %add;
    %ix/vec4/s 4;
    %load/vec4a v0x7fffe884ddc0, 4;
    %pad/u 10;
    %sub;
    %load/vec4 v0x7fffe8873680_0;
    %pad/s 36;
    %pad/s 40;
    %muli 12, 0, 40;
    %pad/s 41;
    %load/vec4 v0x7fffe8873760_0;
    %pad/s 41;
    %add;
    %ix/vec4/s 3;
    %ix/load 4, 0, 0; Constant delay
    %assign/vec4/a/d v0x7fffe88735c0, 0, 4;
    %load/vec4 v0x7fffe8873680_0;
    %subi 1, 0, 32;
    %store/vec4 v0x7fffe8873680_0, 0, 32;
    %jmp T_3.2;
T_3.3 ;
    %load/vec4 v0x7fffe8873760_0;
    %subi 1, 0, 32;
    %store/vec4 v0x7fffe8873760_0, 0, 32;
    %jmp T_3.0;
T_3.1 ;
    %jmp T_3;
    .thread T_3;
    .scope S_0x7fffe87d0cf0;
T_4 ;
    %wait E_0x7fffe8851e20;
    %pushi/vec4 2, 0, 32;
    %store/vec4 v0x7fffe8873760_0, 0, 32;
T_4.0 ;
    %load/vec4 v0x7fffe8873760_0;
    %cmpi/s 0, 0, 32;
    %flag_inv 5; GE is !LT
    %jmp/0xz T_4.1, 5;
    %pushi/vec4 2, 0, 32;
    %store/vec4 v0x7fffe8873680_0, 0, 32;
T_4.2 ;
    %load/vec4 v0x7fffe8873680_0;
    %cmpi/s 0, 0, 32;
    %flag_inv 5; GE is !LT
    %jmp/0xz T_4.3, 5;
    %pushi/vec4 18, 0, 6;
    %pad/s 7;
    %load/vec4 v0x7fffe8873680_0;
    %pad/s 34;
    %pad/s 36;
    %muli 3, 0, 36;
    %pad/s 7;
    %add;
    %pad/s 8;
    %load/vec4 v0x7fffe8873760_0;
    %pad/s 8;
    %add;
    %ix/vec4/s 4;
    %load/vec4a v0x7fffe8873840, 4;
    %pad/u 9;
    %pushi/vec4 27, 0, 6;
    %pad/s 7;
    %load/vec4 v0x7fffe8873680_0;
    %pad/s 34;
    %pad/s 36;
    %muli 3, 0, 36;
    %pad/s 7;
    %add;
    %pad/s 8;
    %load/vec4 v0x7fffe8873760_0;
    %pad/s 8;
    %add;
    %ix/vec4/s 3;
    %ix/load 4, 0, 0; Constant delay
    %assign/vec4/a/d v0x7fffe8873900, 0, 4;
    %pushi/vec4 18, 0, 6;
    %pad/s 7;
    %load/vec4 v0x7fffe8873680_0;
    %pad/s 34;
    %pad/s 36;
    %muli 3, 0, 36;
    %pad/s 7;
    %add;
    %pad/s 8;
    %load/vec4 v0x7fffe8873760_0;
    %pad/s 8;
    %add;
    %ix/vec4/s 4;
    %load/vec4a v0x7fffe8873840, 4;
    %pad/u 9;
    %pushi/vec4 9, 0, 5;
    %pad/s 6;
    %load/vec4 v0x7fffe8873680_0;
    %pad/s 34;
    %pad/s 36;
    %muli 3, 0, 36;
    %pad/s 6;
    %add;
    %pad/s 7;
    %load/vec4 v0x7fffe8873760_0;
    %pad/s 7;
    %add;
    %ix/vec4/s 4;
    %load/vec4a v0x7fffe8873840, 4;
    %pad/u 9;
    %add;
    %load/vec4 v0x7fffe8873680_0;
    %pad/s 34;
    %pad/s 36;
    %muli 3, 0, 36;
    %pad/s 37;
    %load/vec4 v0x7fffe8873760_0;
    %pad/s 37;
    %add;
    %ix/vec4/s 4;
    %load/vec4a v0x7fffe8873840, 4;
    %pad/u 9;
    %add;
    %ix/load 4, 1, 0;
    %flag_set/imm 4, 0;
    %shiftr 4;
    %pushi/vec4 18, 0, 6;
    %pad/s 7;
    %load/vec4 v0x7fffe8873680_0;
    %pad/s 34;
    %pad/s 36;
    %muli 3, 0, 36;
    %pad/s 7;
    %add;
    %pad/s 8;
    %load/vec4 v0x7fffe8873760_0;
    %pad/s 8;
    %add;
    %ix/vec4/s 3;
    %ix/load 4, 0, 0; Constant delay
    %assign/vec4/a/d v0x7fffe8873900, 0, 4;
    %pushi/vec4 18, 0, 6;
    %pad/s 7;
    %load/vec4 v0x7fffe8873680_0;
    %pad/s 34;
    %pad/s 36;
    %muli 3, 0, 36;
    %pad/s 7;
    %add;
    %pad/s 8;
    %load/vec4 v0x7fffe8873760_0;
    %pad/s 8;
    %add;
    %ix/vec4/s 4;
    %load/vec4a v0x7fffe8873840, 4;
    %pad/u 9;
    %pushi/vec4 9, 0, 5;
    %pad/s 6;
    %load/vec4 v0x7fffe8873680_0;
    %pad/s 34;
    %pad/s 36;
    %muli 3, 0, 36;
    %pad/s 6;
    %add;
    %pad/s 7;
    %load/vec4 v0x7fffe8873760_0;
    %pad/s 7;
    %add;
    %ix/vec4/s 4;
    %load/vec4a v0x7fffe8873840, 4;
    %pad/u 9;
    %sub;
    %load/vec4 v0x7fffe8873680_0;
    %pad/s 34;
    %pad/s 36;
    %muli 3, 0, 36;
    %pad/s 37;
    %load/vec4 v0x7fffe8873760_0;
    %pad/s 37;
    %add;
    %ix/vec4/s 4;
    %load/vec4a v0x7fffe8873840, 4;
    %pad/u 9;
    %add;
    %ix/load 4, 1, 0;
    %flag_set/imm 4, 0;
    %shiftr 4;
    %pushi/vec4 9, 0, 5;
    %pad/s 6;
    %load/vec4 v0x7fffe8873680_0;
    %pad/s 34;
    %pad/s 36;
    %muli 3, 0, 36;
    %pad/s 6;
    %add;
    %pad/s 7;
    %load/vec4 v0x7fffe8873760_0;
    %pad/s 7;
    %add;
    %ix/vec4/s 3;
    %ix/load 4, 0, 0; Constant delay
    %assign/vec4/a/d v0x7fffe8873900, 0, 4;
    %load/vec4 v0x7fffe8873680_0;
    %pad/s 34;
    %pad/s 36;
    %muli 3, 0, 36;
    %pad/s 37;
    %load/vec4 v0x7fffe8873760_0;
    %pad/s 37;
    %add;
    %ix/vec4/s 4;
    %load/vec4a v0x7fffe8873840, 4;
    %pad/u 9;
    %load/vec4 v0x7fffe8873680_0;
    %pad/s 34;
    %pad/s 36;
    %muli 3, 0, 36;
    %pad/s 37;
    %load/vec4 v0x7fffe8873760_0;
    %pad/s 37;
    %add;
    %ix/vec4/s 3;
    %ix/load 4, 0, 0; Constant delay
    %assign/vec4/a/d v0x7fffe8873900, 0, 4;
    %load/vec4 v0x7fffe8873680_0;
    %subi 1, 0, 32;
    %store/vec4 v0x7fffe8873680_0, 0, 32;
    %jmp T_4.2;
T_4.3 ;
    %load/vec4 v0x7fffe8873760_0;
    %subi 1, 0, 32;
    %store/vec4 v0x7fffe8873760_0, 0, 32;
    %jmp T_4.0;
T_4.1 ;
    %jmp T_4;
    .thread T_4;
    .scope S_0x7fffe87d0cf0;
T_5 ;
    %wait E_0x7fffe8851e20;
    %pushi/vec4 2, 0, 32;
    %store/vec4 v0x7fffe8873760_0, 0, 32;
T_5.0 ;
    %load/vec4 v0x7fffe8873760_0;
    %cmpi/s 0, 0, 32;
    %flag_inv 5; GE is !LT
    %jmp/0xz T_5.1, 5;
    %pushi/vec4 3, 0, 32;
    %store/vec4 v0x7fffe8873680_0, 0, 32;
T_5.2 ;
    %load/vec4 v0x7fffe8873680_0;
    %cmpi/s 0, 0, 32;
    %flag_inv 5; GE is !LT
    %jmp/0xz T_5.3, 5;
    %load/vec4 v0x7fffe8873680_0;
    %pad/s 36;
    %pad/s 40;
    %muli 9, 0, 40;
    %pad/s 41;
    %pushi/vec4 6, 0, 4;
    %pad/s 41;
    %add;
    %pad/s 42;
    %load/vec4 v0x7fffe8873760_0;
    %pad/s 42;
    %add;
    %ix/vec4/s 4;
    %load/vec4a v0x7fffe8873900, 4;
    %pad/u 10;
    %load/vec4 v0x7fffe8873680_0;
    %pad/s 36;
    %pad/s 40;
    %muli 12, 0, 40;
    %pad/s 41;
    %pushi/vec4 9, 0, 5;
    %pad/s 41;
    %add;
    %pad/s 42;
    %load/vec4 v0x7fffe8873760_0;
    %pad/s 42;
    %add;
    %ix/vec4/s 3;
    %ix/load 4, 0, 0; Constant delay
    %assign/vec4/a/d v0x7fffe88739c0, 0, 4;
    %load/vec4 v0x7fffe8873680_0;
    %pad/s 36;
    %pad/s 40;
    %muli 9, 0, 40;
    %pad/s 41;
    %pushi/vec4 6, 0, 4;
    %pad/s 41;
    %add;
    %pad/s 42;
    %load/vec4 v0x7fffe8873760_0;
    %pad/s 42;
    %add;
    %ix/vec4/s 4;
    %load/vec4a v0x7fffe8873900, 4;
    %pad/u 10;
    %load/vec4 v0x7fffe8873680_0;
    %pad/s 36;
    %pad/s 40;
    %muli 9, 0, 40;
    %pad/s 41;
    %pushi/vec4 3, 0, 3;
    %pad/s 41;
    %add;
    %pad/s 42;
    %load/vec4 v0x7fffe8873760_0;
    %pad/s 42;
    %add;
    %ix/vec4/s 4;
    %load/vec4a v0x7fffe8873900, 4;
    %pad/u 10;
    %add;
    %load/vec4 v0x7fffe8873680_0;
    %pad/s 36;
    %pad/s 40;
    %muli 9, 0, 40;
    %pad/s 41;
    %pushi/vec4 3, 0, 3;
    %pad/s 41;
    %add;
    %pad/s 42;
    %load/vec4 v0x7fffe8873760_0;
    %pad/s 42;
    %add;
    %ix/vec4/s 4;
    %load/vec4a v0x7fffe8873900, 4;
    %pad/u 10;
    %add;
    %ix/load 4, 1, 0;
    %flag_set/imm 4, 0;
    %shiftr 4;
    %load/vec4 v0x7fffe8873680_0;
    %pad/s 36;
    %pad/s 40;
    %muli 12, 0, 40;
    %pad/s 41;
    %pushi/vec4 6, 0, 4;
    %pad/s 41;
    %add;
    %pad/s 42;
    %load/vec4 v0x7fffe8873760_0;
    %pad/s 42;
    %add;
    %ix/vec4/s 3;
    %ix/load 4, 0, 0; Constant delay
    %assign/vec4/a/d v0x7fffe88739c0, 0, 4;
    %load/vec4 v0x7fffe8873680_0;
    %pad/s 36;
    %pad/s 40;
    %muli 9, 0, 40;
    %pad/s 41;
    %pushi/vec4 6, 0, 4;
    %pad/s 41;
    %add;
    %pad/s 42;
    %load/vec4 v0x7fffe8873760_0;
    %pad/s 42;
    %add;
    %ix/vec4/s 4;
    %load/vec4a v0x7fffe8873900, 4;
    %pad/u 10;
    %load/vec4 v0x7fffe8873680_0;
    %pad/s 36;
    %pad/s 40;
    %muli 9, 0, 40;
    %pad/s 41;
    %pushi/vec4 3, 0, 3;
    %pad/s 41;
    %add;
    %pad/s 42;
    %load/vec4 v0x7fffe8873760_0;
    %pad/s 42;
    %add;
    %ix/vec4/s 4;
    %load/vec4a v0x7fffe8873900, 4;
    %pad/u 10;
    %sub;
    %load/vec4 v0x7fffe8873680_0;
    %pad/s 36;
    %pad/s 40;
    %muli 9, 0, 40;
    %pad/s 41;
    %pushi/vec4 3, 0, 3;
    %pad/s 41;
    %add;
    %pad/s 42;
    %load/vec4 v0x7fffe8873760_0;
    %pad/s 42;
    %add;
    %ix/vec4/s 4;
    %load/vec4a v0x7fffe8873900, 4;
    %pad/u 10;
    %add;
    %ix/load 4, 1, 0;
    %flag_set/imm 4, 0;
    %shiftr 4;
    %load/vec4 v0x7fffe8873680_0;
    %pad/s 36;
    %pad/s 40;
    %muli 12, 0, 40;
    %pad/s 41;
    %pushi/vec4 3, 0, 3;
    %pad/s 41;
    %add;
    %pad/s 42;
    %load/vec4 v0x7fffe8873760_0;
    %pad/s 42;
    %add;
    %ix/vec4/s 3;
    %ix/load 4, 0, 0; Constant delay
    %assign/vec4/a/d v0x7fffe88739c0, 0, 4;
    %load/vec4 v0x7fffe8873680_0;
    %pad/s 36;
    %pad/s 40;
    %muli 9, 0, 40;
    %pad/s 41;
    %load/vec4 v0x7fffe8873760_0;
    %pad/s 41;
    %add;
    %ix/vec4/s 4;
    %load/vec4a v0x7fffe8873900, 4;
    %pad/u 10;
    %load/vec4 v0x7fffe8873680_0;
    %pad/s 36;
    %pad/s 40;
    %muli 12, 0, 40;
    %pad/s 41;
    %load/vec4 v0x7fffe8873760_0;
    %pad/s 41;
    %add;
    %ix/vec4/s 3;
    %ix/load 4, 0, 0; Constant delay
    %assign/vec4/a/d v0x7fffe88739c0, 0, 4;
    %load/vec4 v0x7fffe8873680_0;
    %subi 1, 0, 32;
    %store/vec4 v0x7fffe8873680_0, 0, 32;
    %jmp T_5.2;
T_5.3 ;
    %load/vec4 v0x7fffe8873760_0;
    %subi 1, 0, 32;
    %store/vec4 v0x7fffe8873760_0, 0, 32;
    %jmp T_5.0;
T_5.1 ;
    %jmp T_5;
    .thread T_5;
    .scope S_0x7fffe87d0cf0;
T_6 ;
    %wait E_0x7fffe8851e20;
    %pushi/vec4 2, 0, 32;
    %store/vec4 v0x7fffe8873760_0, 0, 32;
T_6.0 ;
    %load/vec4 v0x7fffe8873760_0;
    %cmpi/s 0, 0, 32;
    %flag_inv 5; GE is !LT
    %jmp/0xz T_6.1, 5;
    %pushi/vec4 3, 0, 32;
    %store/vec4 v0x7fffe8844e60_0, 0, 32;
T_6.2 ;
    %load/vec4 v0x7fffe8844e60_0;
    %cmpi/s 0, 0, 32;
    %flag_inv 5; GE is !LT
    %jmp/0xz T_6.3, 5;
    %pushi/vec4 3, 0, 32;
    %store/vec4 v0x7fffe8873680_0, 0, 32;
T_6.4 ;
    %load/vec4 v0x7fffe8873680_0;
    %cmpi/s 0, 0, 32;
    %flag_inv 5; GE is !LT
    %jmp/0xz T_6.5, 5;
    %load/vec4 v0x7fffe8844e60_0;
    %pad/s 36;
    %pad/s 40;
    %muli 12, 0, 40;
    %pad/s 41;
    %load/vec4 v0x7fffe8873680_0;
    %pad/s 34;
    %pad/s 36;
    %muli 3, 0, 36;
    %pad/s 41;
    %add;
    %pad/s 42;
    %load/vec4 v0x7fffe8873760_0;
    %pad/s 42;
    %add;
    %ix/vec4/s 4;
    %load/vec4a v0x7fffe88735c0, 4;
    %pad/u 19;
    %load/vec4 v0x7fffe8844e60_0;
    %pad/s 36;
    %pad/s 40;
    %muli 12, 0, 40;
    %pad/s 41;
    %load/vec4 v0x7fffe8873680_0;
    %pad/s 34;
    %pad/s 36;
    %muli 3, 0, 36;
    %pad/s 41;
    %add;
    %pad/s 42;
    %load/vec4 v0x7fffe8873760_0;
    %pad/s 42;
    %add;
    %ix/vec4/s 4;
    %load/vec4a v0x7fffe88739c0, 4;
    %pad/u 19;
    %add;
    %load/vec4 v0x7fffe8844e60_0;
    %pad/s 36;
    %pad/s 40;
    %muli 12, 0, 40;
    %pad/s 41;
    %load/vec4 v0x7fffe8873680_0;
    %pad/s 34;
    %pad/s 36;
    %muli 3, 0, 36;
    %pad/s 41;
    %add;
    %pad/s 42;
    %load/vec4 v0x7fffe8873760_0;
    %pad/s 42;
    %add;
    %ix/vec4/s 3;
    %ix/load 4, 0, 0; Constant delay
    %assign/vec4/a/d v0x7fffe88402c0, 0, 4;
    %load/vec4 v0x7fffe8873680_0;
    %subi 1, 0, 32;
    %store/vec4 v0x7fffe8873680_0, 0, 32;
    %jmp T_6.4;
T_6.5 ;
    %load/vec4 v0x7fffe8844e60_0;
    %subi 1, 0, 32;
    %store/vec4 v0x7fffe8844e60_0, 0, 32;
    %jmp T_6.2;
T_6.3 ;
    %load/vec4 v0x7fffe8873760_0;
    %subi 1, 0, 32;
    %store/vec4 v0x7fffe8873760_0, 0, 32;
    %jmp T_6.0;
T_6.1 ;
    %jmp T_6;
    .thread T_6;
    .scope S_0x7fffe87d0cf0;
T_7 ;
    %wait E_0x7fffe8851e20;
    %pushi/vec4 2, 0, 32;
    %store/vec4 v0x7fffe8873760_0, 0, 32;
T_7.0 ;
    %load/vec4 v0x7fffe8873760_0;
    %cmpi/s 0, 0, 32;
    %flag_inv 5; GE is !LT
    %jmp/0xz T_7.1, 5;
    %pushi/vec4 3, 0, 32;
    %store/vec4 v0x7fffe8873680_0, 0, 32;
T_7.2 ;
    %load/vec4 v0x7fffe8873680_0;
    %cmpi/s 0, 0, 32;
    %flag_inv 5; GE is !LT
    %jmp/0xz T_7.3, 5;
    %pushi/vec4 36, 0, 7;
    %pad/s 8;
    %load/vec4 v0x7fffe8873680_0;
    %pad/s 34;
    %pad/s 36;
    %muli 3, 0, 36;
    %pad/s 8;
    %add;
    %pad/s 9;
    %load/vec4 v0x7fffe8873760_0;
    %pad/s 9;
    %add;
    %ix/vec4/s 4;
    %load/vec4a v0x7fffe88402c0, 4;
    %pad/u 21;
    %pushi/vec4 24, 0, 6;
    %pad/s 7;
    %load/vec4 v0x7fffe8873680_0;
    %pad/s 34;
    %pad/s 36;
    %muli 3, 0, 36;
    %pad/s 7;
    %add;
    %pad/s 8;
    %load/vec4 v0x7fffe8873760_0;
    %pad/s 8;
    %add;
    %ix/vec4/s 4;
    %load/vec4a v0x7fffe88402c0, 4;
    %pad/u 21;
    %add;
    %pushi/vec4 12, 0, 5;
    %pad/s 6;
    %load/vec4 v0x7fffe8873680_0;
    %pad/s 34;
    %pad/s 36;
    %muli 3, 0, 36;
    %pad/s 6;
    %add;
    %pad/s 7;
    %load/vec4 v0x7fffe8873760_0;
    %pad/s 7;
    %add;
    %ix/vec4/s 4;
    %load/vec4a v0x7fffe88402c0, 4;
    %pad/u 21;
    %add;
    %pushi/vec4 12, 0, 5;
    %pad/s 6;
    %load/vec4 v0x7fffe8873680_0;
    %pad/s 34;
    %pad/s 36;
    %muli 3, 0, 36;
    %pad/s 6;
    %add;
    %pad/s 7;
    %load/vec4 v0x7fffe8873760_0;
    %pad/s 7;
    %add;
    %ix/vec4/s 3;
    %ix/load 4, 0, 0; Constant delay
    %assign/vec4/a/d v0x7fffe8873c20, 0, 4;
    %pushi/vec4 24, 0, 6;
    %pad/s 7;
    %load/vec4 v0x7fffe8873680_0;
    %pad/s 34;
    %pad/s 36;
    %muli 3, 0, 36;
    %pad/s 7;
    %add;
    %pad/s 8;
    %load/vec4 v0x7fffe8873760_0;
    %pad/s 8;
    %add;
    %ix/vec4/s 4;
    %load/vec4a v0x7fffe88402c0, 4;
    %pad/u 21;
    %pushi/vec4 12, 0, 5;
    %pad/s 6;
    %load/vec4 v0x7fffe8873680_0;
    %pad/s 34;
    %pad/s 36;
    %muli 3, 0, 36;
    %pad/s 6;
    %add;
    %pad/s 7;
    %load/vec4 v0x7fffe8873760_0;
    %pad/s 7;
    %add;
    %ix/vec4/s 4;
    %load/vec4a v0x7fffe88402c0, 4;
    %pad/u 21;
    %sub;
    %load/vec4 v0x7fffe8873680_0;
    %pad/s 34;
    %pad/s 36;
    %muli 3, 0, 36;
    %pad/s 37;
    %load/vec4 v0x7fffe8873760_0;
    %pad/s 37;
    %add;
    %ix/vec4/s 4;
    %load/vec4a v0x7fffe88402c0, 4;
    %pad/u 21;
    %sub;
    %load/vec4 v0x7fffe8873680_0;
    %pad/s 34;
    %pad/s 36;
    %muli 3, 0, 36;
    %pad/s 37;
    %load/vec4 v0x7fffe8873760_0;
    %pad/s 37;
    %add;
    %ix/vec4/s 3;
    %ix/load 4, 0, 0; Constant delay
    %assign/vec4/a/d v0x7fffe8873c20, 0, 4;
    %load/vec4 v0x7fffe8873680_0;
    %subi 1, 0, 32;
    %store/vec4 v0x7fffe8873680_0, 0, 32;
    %jmp T_7.2;
T_7.3 ;
    %load/vec4 v0x7fffe8873760_0;
    %subi 1, 0, 32;
    %store/vec4 v0x7fffe8873760_0, 0, 32;
    %jmp T_7.0;
T_7.1 ;
    %jmp T_7;
    .thread T_7;
    .scope S_0x7fffe87d0cf0;
T_8 ;
    %wait E_0x7fffe8851e20;
    %pushi/vec4 2, 0, 32;
    %store/vec4 v0x7fffe8873760_0, 0, 32;
T_8.0 ;
    %load/vec4 v0x7fffe8873760_0;
    %cmpi/s 0, 0, 32;
    %flag_inv 5; GE is !LT
    %jmp/0xz T_8.1, 5;
    %pushi/vec4 1, 0, 32;
    %store/vec4 v0x7fffe8873680_0, 0, 32;
T_8.2 ;
    %load/vec4 v0x7fffe8873680_0;
    %cmpi/s 0, 0, 32;
    %flag_inv 5; GE is !LT
    %jmp/0xz T_8.3, 5;
    %load/vec4 v0x7fffe8873680_0;
    %pad/s 36;
    %pad/s 40;
    %muli 12, 0, 40;
    %pad/s 41;
    %pushi/vec4 9, 0, 5;
    %pad/s 41;
    %add;
    %pad/s 42;
    %load/vec4 v0x7fffe8873760_0;
    %pad/s 42;
    %add;
    %ix/vec4/s 4;
    %load/vec4a v0x7fffe8873c20, 4;
    %pad/u 23;
    %load/vec4 v0x7fffe8873680_0;
    %pad/s 36;
    %pad/s 40;
    %muli 12, 0, 40;
    %pad/s 41;
    %pushi/vec4 6, 0, 4;
    %pad/s 41;
    %add;
    %pad/s 42;
    %load/vec4 v0x7fffe8873760_0;
    %pad/s 42;
    %add;
    %ix/vec4/s 4;
    %load/vec4a v0x7fffe8873c20, 4;
    %pad/u 23;
    %add;
    %load/vec4 v0x7fffe8873680_0;
    %pad/s 36;
    %pad/s 40;
    %muli 12, 0, 40;
    %pad/s 41;
    %pushi/vec4 3, 0, 3;
    %pad/s 41;
    %add;
    %pad/s 42;
    %load/vec4 v0x7fffe8873760_0;
    %pad/s 42;
    %add;
    %ix/vec4/s 4;
    %load/vec4a v0x7fffe8873c20, 4;
    %pad/u 23;
    %add;
    %load/vec4 v0x7fffe8873680_0;
    %pad/s 35;
    %pad/s 38;
    %muli 6, 0, 38;
    %pad/s 39;
    %pushi/vec4 3, 0, 3;
    %pad/s 39;
    %add;
    %pad/s 40;
    %load/vec4 v0x7fffe8873760_0;
    %pad/s 40;
    %add;
    %ix/vec4/s 3;
    %ix/load 4, 0, 0; Constant delay
    %assign/vec4/a/d v0x7fffe8873ce0, 0, 4;
    %load/vec4 v0x7fffe8873680_0;
    %pad/s 36;
    %pad/s 40;
    %muli 12, 0, 40;
    %pad/s 41;
    %pushi/vec4 6, 0, 4;
    %pad/s 41;
    %add;
    %pad/s 42;
    %load/vec4 v0x7fffe8873760_0;
    %pad/s 42;
    %add;
    %ix/vec4/s 4;
    %load/vec4a v0x7fffe8873c20, 4;
    %pad/u 23;
    %load/vec4 v0x7fffe8873680_0;
    %pad/s 36;
    %pad/s 40;
    %muli 12, 0, 40;
    %pad/s 41;
    %pushi/vec4 3, 0, 3;
    %pad/s 41;
    %add;
    %pad/s 42;
    %load/vec4 v0x7fffe8873760_0;
    %pad/s 42;
    %add;
    %ix/vec4/s 4;
    %load/vec4a v0x7fffe8873c20, 4;
    %pad/u 23;
    %sub;
    %load/vec4 v0x7fffe8873680_0;
    %pad/s 36;
    %pad/s 40;
    %muli 12, 0, 40;
    %pad/s 41;
    %load/vec4 v0x7fffe8873760_0;
    %pad/s 41;
    %add;
    %ix/vec4/s 4;
    %load/vec4a v0x7fffe8873c20, 4;
    %pad/u 23;
    %sub;
    %load/vec4 v0x7fffe8873680_0;
    %pad/s 35;
    %pad/s 38;
    %muli 6, 0, 38;
    %pad/s 39;
    %load/vec4 v0x7fffe8873760_0;
    %pad/s 39;
    %add;
    %ix/vec4/s 3;
    %ix/load 4, 0, 0; Constant delay
    %assign/vec4/a/d v0x7fffe8873ce0, 0, 4;
    %load/vec4 v0x7fffe8873680_0;
    %subi 1, 0, 32;
    %store/vec4 v0x7fffe8873680_0, 0, 32;
    %jmp T_8.2;
T_8.3 ;
    %load/vec4 v0x7fffe8873760_0;
    %subi 1, 0, 32;
    %store/vec4 v0x7fffe8873760_0, 0, 32;
    %jmp T_8.0;
T_8.1 ;
    %jmp T_8;
    .thread T_8;
    .scope S_0x7fffe87d0cf0;
T_9 ;
    %wait E_0x7fffe8851e20;
    %pushi/vec4 1, 0, 32;
    %store/vec4 v0x7fffe8844e60_0, 0, 32;
T_9.0 ;
    %load/vec4 v0x7fffe8844e60_0;
    %cmpi/s 0, 0, 32;
    %flag_inv 5; GE is !LT
    %jmp/0xz T_9.1, 5;
    %pushi/vec4 1, 0, 32;
    %store/vec4 v0x7fffe8873680_0, 0, 32;
T_9.2 ;
    %load/vec4 v0x7fffe8873680_0;
    %cmpi/s 0, 0, 32;
    %flag_inv 5; GE is !LT
    %jmp/0xz T_9.3, 5;
    %pushi/vec4 2, 0, 32;
    %store/vec4 v0x7fffe8873760_0, 0, 32;
T_9.4 ;
    %load/vec4 v0x7fffe8873760_0;
    %cmpi/s 0, 0, 32;
    %flag_inv 5; GE is !LT
    %jmp/0xz T_9.5, 5;
    %load/vec4 v0x7fffe8844e60_0;
    %pad/s 34;
    %pad/s 35;
    %muli 2, 0, 35;
    %pad/s 36;
    %load/vec4 v0x7fffe8873680_0;
    %pad/s 36;
    %add;
    %ix/vec4/s 4;
    %load/vec4a v0x7fffe8873b60, 4;
    %load/vec4 v0x7fffe8844e60_0;
    %pad/s 35;
    %pad/s 38;
    %muli 6, 0, 38;
    %pad/s 39;
    %load/vec4 v0x7fffe8873680_0;
    %pad/s 34;
    %pad/s 36;
    %muli 3, 0, 36;
    %pad/s 39;
    %add;
    %pad/s 40;
    %load/vec4 v0x7fffe8873760_0;
    %pad/s 40;
    %add;
    %ix/vec4/s 4;
    %load/vec4a v0x7fffe8873ce0, 4;
    %pad/u 25;
    %add;
    %load/vec4 v0x7fffe8844e60_0;
    %pad/s 34;
    %pad/s 35;
    %muli 2, 0, 35;
    %pad/s 36;
    %load/vec4 v0x7fffe8873680_0;
    %pad/s 36;
    %add;
    %ix/vec4/s 3;
    %ix/load 4, 0, 0; Constant delay
    %assign/vec4/a/d v0x7fffe8873b60, 0, 4;
    %load/vec4 v0x7fffe8873760_0;
    %subi 1, 0, 32;
    %store/vec4 v0x7fffe8873760_0, 0, 32;
    %jmp T_9.4;
T_9.5 ;
    %load/vec4 v0x7fffe8873680_0;
    %subi 1, 0, 32;
    %store/vec4 v0x7fffe8873680_0, 0, 32;
    %jmp T_9.2;
T_9.3 ;
    %load/vec4 v0x7fffe8844e60_0;
    %subi 1, 0, 32;
    %store/vec4 v0x7fffe8844e60_0, 0, 32;
    %jmp T_9.0;
T_9.1 ;
    %jmp T_9;
    .thread T_9;
    .scope S_0x7fffe87d0cf0;
T_10 ;
    %wait E_0x7fffe8851e20;
    %pushi/vec4 1, 0, 32;
    %store/vec4 v0x7fffe8844e60_0, 0, 32;
T_10.0 ;
    %load/vec4 v0x7fffe8844e60_0;
    %cmpi/s 0, 0, 32;
    %flag_inv 5; GE is !LT
    %jmp/0xz T_10.1, 5;
    %pushi/vec4 1, 0, 32;
    %store/vec4 v0x7fffe8873680_0, 0, 32;
T_10.2 ;
    %load/vec4 v0x7fffe8873680_0;
    %cmpi/s 0, 0, 32;
    %flag_inv 5; GE is !LT
    %jmp/0xz T_10.3, 5;
    %load/vec4 v0x7fffe8844e60_0;
    %pad/s 34;
    %pad/s 35;
    %muli 2, 0, 35;
    %pad/s 36;
    %load/vec4 v0x7fffe8873680_0;
    %pad/s 36;
    %add;
    %ix/vec4/s 4;
    %load/vec4a v0x7fffe8873b60, 4;
    %pad/u 24;
    %ix/load 5, 0, 0;
    %pushi/vec4 2, 0, 32;
    %load/vec4 v0x7fffe8844e60_0;
    %mul;
    %load/vec4 v0x7fffe8873680_0;
    %add;
    %muli 24, 0, 32;
    %ix/vec4/s 4;
    %assign/vec4/off/d v0x7fffe8873a80_0, 4, 5;
    %load/vec4 v0x7fffe8873680_0;
    %subi 1, 0, 32;
    %store/vec4 v0x7fffe8873680_0, 0, 32;
    %jmp T_10.2;
T_10.3 ;
    %load/vec4 v0x7fffe8844e60_0;
    %subi 1, 0, 32;
    %store/vec4 v0x7fffe8844e60_0, 0, 32;
    %jmp T_10.0;
T_10.1 ;
    %jmp T_10;
    .thread T_10;
    .scope S_0x7fffe8837bd0;
T_11 ;
    %delay 5000, 0;
    %load/vec4 v0x7fffe8873fe0_0;
    %inv;
    %store/vec4 v0x7fffe8873fe0_0, 0, 1;
    %jmp T_11;
    .thread T_11;
    .scope S_0x7fffe8837bd0;
T_12 ;
    %pushi/vec4 0, 0, 1;
    %store/vec4 v0x7fffe8873fe0_0, 0, 1;
    %pushi/vec4 1, 0, 1;
    %store/vec4 v0x7fffe8874280_0, 0, 1;
    %pushi/vec4 0, 0, 216;
    %store/vec4 v0x7fffe8873f00_0, 0, 216;
    %pushi/vec4 0, 0, 384;
    %store/vec4 v0x7fffe88740b0_0, 0, 384;
    %delay 20000, 0;
    %pushi/vec4 0, 0, 1;
    %store/vec4 v0x7fffe8874280_0, 0, 1;
    %pushi/vec4 2164293632, 0, 183;
    %concati/vec4 2147516416, 0, 32;
    %concati/vec4 1, 0, 1;
    %store/vec4 v0x7fffe8873f00_0, 0, 216;
    %pushi/vec4 2164359682, 0, 295;
    %concati/vec4 2198045700, 0, 32;
    %concati/vec4 2231731718, 0, 32;
    %concati/vec4 17698576, 0, 25;
    %store/vec4 v0x7fffe88740b0_0, 0, 384;
    %delay 100000, 0;
    %vpi_call 2 60 "$display", "Output Data: %h", v0x7fffe88741b0_0 {0 0 0};
    %delay 50000, 0;
    %vpi_call 2 63 "$finish" {0 0 0};
    %end;
    .thread T_12;
# The file index is used to find the file name in the following table.
:file_names 4;
    "N/A";
    "<interactive>";
    "PE_Winograd_tb.v";
    "PE.v";
